2025-12-30 20:47:31,727 INFO uvicorn.error Started server process [25888]
2025-12-30 20:47:31,728 INFO uvicorn.error Waiting for application startup.
2025-12-30 20:47:31,728 INFO uvicorn.error Application startup complete.
2025-12-30 20:47:31,728 INFO uvicorn.error Uvicorn running on http://0.0.0.0:8000 (Press CTRL+C to quit)
2025-12-30 20:48:34,585 INFO uvicorn.error Shutting down
2025-12-30 20:48:34,685 INFO uvicorn.error Waiting for application shutdown.
2025-12-30 20:48:34,685 INFO uvicorn.error Application shutdown complete.
2025-12-30 20:48:34,685 INFO uvicorn.error Finished server process [25888]
2025-12-30 20:49:49,597 INFO uvicorn.error Started server process [9656]
2025-12-30 20:49:49,598 INFO uvicorn.error Waiting for application startup.
2025-12-30 20:49:49,598 INFO uvicorn.error Application startup complete.
2025-12-30 20:49:49,598 INFO uvicorn.error Uvicorn running on http://0.0.0.0:8000 (Press CTRL+C to quit)
2025-12-30 20:50:00,106 INFO uvicorn.error Shutting down
2025-12-30 20:50:00,219 INFO uvicorn.error Waiting for application shutdown.
2025-12-30 20:50:00,219 INFO uvicorn.error Application shutdown complete.
2025-12-30 20:50:00,220 INFO uvicorn.error Finished server process [9656]
2025-12-30 20:50:40,980 INFO uvicorn.error Started server process [7700]
2025-12-30 20:50:40,981 INFO uvicorn.error Waiting for application startup.
2025-12-30 20:50:40,981 INFO uvicorn.error Application startup complete.
2025-12-30 20:50:40,981 INFO uvicorn.error Uvicorn running on http://0.0.0.0:8000 (Press CTRL+C to quit)
2025-12-30 20:52:20,939 INFO uvicorn.error Shutting down
2025-12-30 20:52:21,047 INFO uvicorn.error Waiting for application shutdown.
2025-12-30 20:52:21,048 INFO uvicorn.error Application shutdown complete.
2025-12-30 20:52:21,048 INFO uvicorn.error Finished server process [7700]
2025-12-30 20:52:22,115 INFO uvicorn.error Started server process [27448]
2025-12-30 20:52:22,116 INFO uvicorn.error Waiting for application startup.
2025-12-30 20:52:22,116 INFO uvicorn.error Application startup complete.
2025-12-30 20:52:22,116 INFO uvicorn.error Uvicorn running on http://0.0.0.0:8000 (Press CTRL+C to quit)
2025-12-30 20:53:48,932 INFO uvicorn.error Shutting down
2025-12-30 20:53:49,043 INFO uvicorn.error Waiting for application shutdown.
2025-12-30 20:53:49,043 INFO uvicorn.error Application shutdown complete.
2025-12-30 20:53:49,043 INFO uvicorn.error Finished server process [27448]
2025-12-30 20:54:42,046 INFO uvicorn.error Started server process [5216]
2025-12-30 20:54:42,046 INFO uvicorn.error Waiting for application startup.
2025-12-30 20:54:42,046 INFO uvicorn.error Application startup complete.
2025-12-30 20:54:42,046 INFO uvicorn.error Uvicorn running on http://0.0.0.0:8000 (Press CTRL+C to quit)
2025-12-30 20:55:35,746 INFO uvicorn.error Shutting down
2025-12-30 20:55:35,854 INFO uvicorn.error Waiting for application shutdown.
2025-12-30 20:55:35,854 INFO uvicorn.error Application shutdown complete.
2025-12-30 20:55:35,854 INFO uvicorn.error Finished server process [5216]
2025-12-30 20:55:37,063 INFO uvicorn.error Started server process [25928]
2025-12-30 20:55:37,063 INFO uvicorn.error Waiting for application startup.
2025-12-30 20:55:37,063 INFO uvicorn.error Application startup complete.
2025-12-30 20:55:37,063 INFO uvicorn.error Uvicorn running on http://0.0.0.0:8000 (Press CTRL+C to quit)
2025-12-30 20:56:44,062 INFO uvicorn.error Shutting down
2025-12-30 20:56:44,158 INFO uvicorn.error Finished server process [25928]
2025-12-30 20:56:44,188 ERROR uvicorn.error Traceback (most recent call last):
  File "C:\Users\ZHYCa\AppData\Roaming\uv\python\cpython-3.11.14-windows-x86_64-none\Lib\asyncio\runners.py", line 190, in run
    return runner.run(main)
           ^^^^^^^^^^^^^^^^
  File "C:\Users\ZHYCa\AppData\Roaming\uv\python\cpython-3.11.14-windows-x86_64-none\Lib\asyncio\runners.py", line 118, in run
    return self._loop.run_until_complete(task)
           ^^^^^^^^^^^^^^^^^^^^^^^^^^^^^^^^^^^
  File "C:\Users\ZHYCa\AppData\Roaming\uv\python\cpython-3.11.14-windows-x86_64-none\Lib\asyncio\base_events.py", line 641, in run_until_complete
    self.run_forever()
  File "C:\Users\ZHYCa\AppData\Roaming\uv\python\cpython-3.11.14-windows-x86_64-none\Lib\asyncio\windows_events.py", line 321, in run_forever
    super().run_forever()
  File "C:\Users\ZHYCa\AppData\Roaming\uv\python\cpython-3.11.14-windows-x86_64-none\Lib\asyncio\base_events.py", line 608, in run_forever
    self._run_once()
  File "C:\Users\ZHYCa\AppData\Roaming\uv\python\cpython-3.11.14-windows-x86_64-none\Lib\asyncio\base_events.py", line 1936, in _run_once
    handle._run()
  File "C:\Users\ZHYCa\AppData\Roaming\uv\python\cpython-3.11.14-windows-x86_64-none\Lib\asyncio\events.py", line 84, in _run
    self._context.run(self._callback, *self._args)
  File "D:\code\valid-info\.venv\Lib\site-packages\uvicorn\server.py", line 68, in serve
    with self.capture_signals():
  File "C:\Users\ZHYCa\AppData\Roaming\uv\python\cpython-3.11.14-windows-x86_64-none\Lib\contextlib.py", line 144, in __exit__
    next(self.gen)
  File "D:\code\valid-info\.venv\Lib\site-packages\uvicorn\server.py", line 328, in capture_signals
    signal.raise_signal(captured_signal)
  File "C:\Users\ZHYCa\AppData\Roaming\uv\python\cpython-3.11.14-windows-x86_64-none\Lib\asyncio\runners.py", line 157, in _on_sigint
    raise KeyboardInterrupt()
KeyboardInterrupt

During handling of the above exception, another exception occurred:

Traceback (most recent call last):
  File "D:\code\valid-info\.venv\Lib\site-packages\starlette\routing.py", line 743, in lifespan
    await receive()
  File "D:\code\valid-info\.venv\Lib\site-packages\uvicorn\lifespan\on.py", line 137, in receive
    return await self.receive_queue.get()
           ^^^^^^^^^^^^^^^^^^^^^^^^^^^^^^
  File "C:\Users\ZHYCa\AppData\Roaming\uv\python\cpython-3.11.14-windows-x86_64-none\Lib\asyncio\queues.py", line 158, in get
    await getter
asyncio.exceptions.CancelledError

2025-12-30 20:56:45,149 INFO uvicorn.error Started server process [19580]
2025-12-30 20:56:45,150 INFO uvicorn.error Waiting for application startup.
2025-12-30 20:56:45,150 INFO uvicorn.error Application startup complete.
2025-12-30 20:56:45,151 INFO uvicorn.error Uvicorn running on http://0.0.0.0:8000 (Press CTRL+C to quit)
2025-12-30 20:58:36,072 INFO uvicorn.error Shutting down
2025-12-30 20:58:36,176 INFO uvicorn.error Finished server process [19580]
2025-12-30 20:58:36,179 ERROR uvicorn.error Traceback (most recent call last):
  File "C:\Users\ZHYCa\AppData\Roaming\uv\python\cpython-3.11.14-windows-x86_64-none\Lib\asyncio\runners.py", line 190, in run
    return runner.run(main)
           ^^^^^^^^^^^^^^^^
  File "C:\Users\ZHYCa\AppData\Roaming\uv\python\cpython-3.11.14-windows-x86_64-none\Lib\asyncio\runners.py", line 118, in run
    return self._loop.run_until_complete(task)
           ^^^^^^^^^^^^^^^^^^^^^^^^^^^^^^^^^^^
  File "C:\Users\ZHYCa\AppData\Roaming\uv\python\cpython-3.11.14-windows-x86_64-none\Lib\asyncio\base_events.py", line 641, in run_until_complete
    self.run_forever()
  File "C:\Users\ZHYCa\AppData\Roaming\uv\python\cpython-3.11.14-windows-x86_64-none\Lib\asyncio\windows_events.py", line 321, in run_forever
    super().run_forever()
  File "C:\Users\ZHYCa\AppData\Roaming\uv\python\cpython-3.11.14-windows-x86_64-none\Lib\asyncio\base_events.py", line 608, in run_forever
    self._run_once()
  File "C:\Users\ZHYCa\AppData\Roaming\uv\python\cpython-3.11.14-windows-x86_64-none\Lib\asyncio\base_events.py", line 1936, in _run_once
    handle._run()
  File "C:\Users\ZHYCa\AppData\Roaming\uv\python\cpython-3.11.14-windows-x86_64-none\Lib\asyncio\events.py", line 84, in _run
    self._context.run(self._callback, *self._args)
  File "D:\code\valid-info\.venv\Lib\site-packages\uvicorn\server.py", line 68, in serve
    with self.capture_signals():
  File "C:\Users\ZHYCa\AppData\Roaming\uv\python\cpython-3.11.14-windows-x86_64-none\Lib\contextlib.py", line 144, in __exit__
    next(self.gen)
  File "D:\code\valid-info\.venv\Lib\site-packages\uvicorn\server.py", line 328, in capture_signals
    signal.raise_signal(captured_signal)
  File "C:\Users\ZHYCa\AppData\Roaming\uv\python\cpython-3.11.14-windows-x86_64-none\Lib\asyncio\runners.py", line 157, in _on_sigint
    raise KeyboardInterrupt()
KeyboardInterrupt

During handling of the above exception, another exception occurred:

Traceback (most recent call last):
  File "D:\code\valid-info\.venv\Lib\site-packages\starlette\routing.py", line 743, in lifespan
    await receive()
  File "D:\code\valid-info\.venv\Lib\site-packages\uvicorn\lifespan\on.py", line 137, in receive
    return await self.receive_queue.get()
           ^^^^^^^^^^^^^^^^^^^^^^^^^^^^^^
  File "C:\Users\ZHYCa\AppData\Roaming\uv\python\cpython-3.11.14-windows-x86_64-none\Lib\asyncio\queues.py", line 158, in get
    await getter
asyncio.exceptions.CancelledError

2025-12-30 20:59:03,291 INFO uvicorn.error Started server process [8432]
2025-12-30 20:59:03,291 INFO uvicorn.error Waiting for application startup.
2025-12-30 20:59:03,292 INFO uvicorn.error Application startup complete.
2025-12-30 20:59:03,292 INFO uvicorn.error Uvicorn running on http://0.0.0.0:8000 (Press CTRL+C to quit)
2025-12-30 21:00:21,089 INFO uvicorn.error Shutting down
2025-12-30 21:00:21,199 INFO uvicorn.error Waiting for application shutdown.
2025-12-30 21:00:21,199 INFO uvicorn.error Application shutdown complete.
2025-12-30 21:00:21,199 INFO uvicorn.error Finished server process [8432]
2025-12-30 21:00:22,521 INFO uvicorn.error Started server process [12444]
2025-12-30 21:00:22,521 INFO uvicorn.error Waiting for application startup.
2025-12-30 21:00:22,521 INFO uvicorn.error Application startup complete.
2025-12-30 21:00:22,521 INFO uvicorn.error Uvicorn running on http://0.0.0.0:8000 (Press CTRL+C to quit)
2025-12-30 21:01:16,061 INFO uvicorn.error Shutting down
2025-12-30 21:01:16,169 INFO uvicorn.error Waiting for application shutdown.
2025-12-30 21:01:16,169 INFO uvicorn.error Application shutdown complete.
2025-12-30 21:01:16,169 INFO uvicorn.error Finished server process [12444]
2025-12-30 21:01:17,480 INFO uvicorn.error Started server process [984]
2025-12-30 21:01:17,480 INFO uvicorn.error Waiting for application startup.
2025-12-30 21:01:17,481 INFO uvicorn.error Application startup complete.
2025-12-30 21:01:17,481 INFO uvicorn.error Uvicorn running on http://0.0.0.0:8000 (Press CTRL+C to quit)
2025-12-30 21:03:50,141 INFO uvicorn.error Shutting down
2025-12-30 21:03:50,236 INFO uvicorn.error Finished server process [984]
2025-12-30 21:03:50,239 ERROR uvicorn.error Traceback (most recent call last):
  File "C:\Users\ZHYCa\AppData\Roaming\uv\python\cpython-3.11.14-windows-x86_64-none\Lib\asyncio\runners.py", line 190, in run
    return runner.run(main)
           ^^^^^^^^^^^^^^^^
  File "C:\Users\ZHYCa\AppData\Roaming\uv\python\cpython-3.11.14-windows-x86_64-none\Lib\asyncio\runners.py", line 118, in run
    return self._loop.run_until_complete(task)
           ^^^^^^^^^^^^^^^^^^^^^^^^^^^^^^^^^^^
  File "C:\Users\ZHYCa\AppData\Roaming\uv\python\cpython-3.11.14-windows-x86_64-none\Lib\asyncio\base_events.py", line 641, in run_until_complete
    self.run_forever()
  File "C:\Users\ZHYCa\AppData\Roaming\uv\python\cpython-3.11.14-windows-x86_64-none\Lib\asyncio\windows_events.py", line 321, in run_forever
    super().run_forever()
  File "C:\Users\ZHYCa\AppData\Roaming\uv\python\cpython-3.11.14-windows-x86_64-none\Lib\asyncio\base_events.py", line 608, in run_forever
    self._run_once()
  File "C:\Users\ZHYCa\AppData\Roaming\uv\python\cpython-3.11.14-windows-x86_64-none\Lib\asyncio\base_events.py", line 1936, in _run_once
    handle._run()
  File "C:\Users\ZHYCa\AppData\Roaming\uv\python\cpython-3.11.14-windows-x86_64-none\Lib\asyncio\events.py", line 84, in _run
    self._context.run(self._callback, *self._args)
  File "D:\code\valid-info\.venv\Lib\site-packages\uvicorn\server.py", line 68, in serve
    with self.capture_signals():
  File "C:\Users\ZHYCa\AppData\Roaming\uv\python\cpython-3.11.14-windows-x86_64-none\Lib\contextlib.py", line 144, in __exit__
    next(self.gen)
  File "D:\code\valid-info\.venv\Lib\site-packages\uvicorn\server.py", line 328, in capture_signals
    signal.raise_signal(captured_signal)
  File "C:\Users\ZHYCa\AppData\Roaming\uv\python\cpython-3.11.14-windows-x86_64-none\Lib\asyncio\runners.py", line 157, in _on_sigint
    raise KeyboardInterrupt()
KeyboardInterrupt

During handling of the above exception, another exception occurred:

Traceback (most recent call last):
  File "D:\code\valid-info\.venv\Lib\site-packages\starlette\routing.py", line 743, in lifespan
    await receive()
  File "D:\code\valid-info\.venv\Lib\site-packages\uvicorn\lifespan\on.py", line 137, in receive
    return await self.receive_queue.get()
           ^^^^^^^^^^^^^^^^^^^^^^^^^^^^^^
  File "C:\Users\ZHYCa\AppData\Roaming\uv\python\cpython-3.11.14-windows-x86_64-none\Lib\asyncio\queues.py", line 158, in get
    await getter
asyncio.exceptions.CancelledError

2025-12-30 21:03:51,371 INFO uvicorn.error Started server process [21780]
2025-12-30 21:03:51,371 INFO uvicorn.error Waiting for application startup.
2025-12-30 21:03:51,371 INFO uvicorn.error Application startup complete.
2025-12-30 21:03:51,372 INFO uvicorn.error Uvicorn running on http://0.0.0.0:8000 (Press CTRL+C to quit)
2025-12-30 21:05:42,500 INFO uvicorn.error Shutting down
2025-12-30 21:05:42,607 INFO uvicorn.error Waiting for application shutdown.
2025-12-30 21:05:42,607 INFO uvicorn.error Application shutdown complete.
2025-12-30 21:05:42,607 INFO uvicorn.error Finished server process [21780]
2025-12-30 21:06:22,818 INFO uvicorn.error Started server process [17088]
2025-12-30 21:06:22,819 INFO uvicorn.error Waiting for application startup.
2025-12-30 21:06:22,819 INFO uvicorn.error Application startup complete.
2025-12-30 21:06:22,819 INFO uvicorn.error Uvicorn running on http://0.0.0.0:8000 (Press CTRL+C to quit)
2025-12-30 21:09:01,613 INFO uvicorn.error Shutting down
2025-12-30 21:09:01,715 INFO uvicorn.error Waiting for application shutdown.
2025-12-30 21:09:01,715 INFO uvicorn.error Application shutdown complete.
2025-12-30 21:09:01,715 INFO uvicorn.error Finished server process [17088]
2025-12-31 18:51:30,319 INFO uvicorn.error Started server process [11040]
2025-12-31 18:51:30,319 INFO uvicorn.error Waiting for application startup.
2025-12-31 18:51:30,321 INFO uvicorn.error Application startup complete.
2025-12-31 18:51:30,321 INFO uvicorn.error Uvicorn running on http://0.0.0.0:8000 (Press CTRL+C to quit)
2025-12-31 18:52:19,900 INFO uvicorn.error Shutting down
2025-12-31 18:52:20,017 INFO uvicorn.error Finished server process [11040]
2025-12-31 18:52:20,161 ERROR uvicorn.error Traceback (most recent call last):
  File "C:\Users\ZHYCa\AppData\Roaming\uv\python\cpython-3.11.14-windows-x86_64-none\Lib\asyncio\runners.py", line 190, in run
    return runner.run(main)
           ^^^^^^^^^^^^^^^^
  File "C:\Users\ZHYCa\AppData\Roaming\uv\python\cpython-3.11.14-windows-x86_64-none\Lib\asyncio\runners.py", line 118, in run
    return self._loop.run_until_complete(task)
           ^^^^^^^^^^^^^^^^^^^^^^^^^^^^^^^^^^^
  File "C:\Users\ZHYCa\AppData\Roaming\uv\python\cpython-3.11.14-windows-x86_64-none\Lib\asyncio\base_events.py", line 641, in run_until_complete
    self.run_forever()
  File "C:\Users\ZHYCa\AppData\Roaming\uv\python\cpython-3.11.14-windows-x86_64-none\Lib\asyncio\windows_events.py", line 321, in run_forever
    super().run_forever()
  File "C:\Users\ZHYCa\AppData\Roaming\uv\python\cpython-3.11.14-windows-x86_64-none\Lib\asyncio\base_events.py", line 608, in run_forever
    self._run_once()
  File "C:\Users\ZHYCa\AppData\Roaming\uv\python\cpython-3.11.14-windows-x86_64-none\Lib\asyncio\base_events.py", line 1936, in _run_once
    handle._run()
  File "C:\Users\ZHYCa\AppData\Roaming\uv\python\cpython-3.11.14-windows-x86_64-none\Lib\asyncio\events.py", line 84, in _run
    self._context.run(self._callback, *self._args)
  File "D:\code\valid-info\.venv\Lib\site-packages\uvicorn\server.py", line 68, in serve
    with self.capture_signals():
  File "C:\Users\ZHYCa\AppData\Roaming\uv\python\cpython-3.11.14-windows-x86_64-none\Lib\contextlib.py", line 144, in __exit__
    next(self.gen)
  File "D:\code\valid-info\.venv\Lib\site-packages\uvicorn\server.py", line 328, in capture_signals
    signal.raise_signal(captured_signal)
  File "C:\Users\ZHYCa\AppData\Roaming\uv\python\cpython-3.11.14-windows-x86_64-none\Lib\asyncio\runners.py", line 157, in _on_sigint
    raise KeyboardInterrupt()
KeyboardInterrupt

During handling of the above exception, another exception occurred:

Traceback (most recent call last):
  File "D:\code\valid-info\.venv\Lib\site-packages\starlette\routing.py", line 743, in lifespan
    await receive()
  File "D:\code\valid-info\.venv\Lib\site-packages\uvicorn\lifespan\on.py", line 137, in receive
    return await self.receive_queue.get()
           ^^^^^^^^^^^^^^^^^^^^^^^^^^^^^^
  File "C:\Users\ZHYCa\AppData\Roaming\uv\python\cpython-3.11.14-windows-x86_64-none\Lib\asyncio\queues.py", line 158, in get
    await getter
asyncio.exceptions.CancelledError

2025-12-31 18:53:00,117 INFO uvicorn.error Started server process [13348]
2025-12-31 18:53:00,117 INFO uvicorn.error Waiting for application startup.
2025-12-31 18:53:00,117 INFO uvicorn.error Application startup complete.
2025-12-31 18:53:00,117 INFO uvicorn.error Uvicorn running on http://0.0.0.0:8000 (Press CTRL+C to quit)
2025-12-31 18:53:52,506 INFO uvicorn.error Shutting down
2025-12-31 18:53:52,613 INFO uvicorn.error Waiting for application shutdown.
2025-12-31 18:53:52,613 INFO uvicorn.error Application shutdown complete.
2025-12-31 18:53:52,613 INFO uvicorn.error Finished server process [13348]
2025-12-31 19:05:15,786 INFO uvicorn.error Started server process [7932]
2025-12-31 19:05:15,786 INFO uvicorn.error Waiting for application startup.
2025-12-31 19:05:15,787 INFO uvicorn.error Application startup complete.
2025-12-31 19:05:15,787 INFO uvicorn.error Uvicorn running on http://0.0.0.0:8000 (Press CTRL+C to quit)
2025-12-31 19:08:09,890 INFO uvicorn.error Shutting down
2025-12-31 19:08:09,993 INFO uvicorn.error Waiting for application shutdown.
2025-12-31 19:08:09,993 INFO uvicorn.error Application shutdown complete.
2025-12-31 19:08:09,993 INFO uvicorn.error Finished server process [7932]
2025-12-31 19:10:36,909 INFO uvicorn.error Started server process [22272]
2025-12-31 19:10:36,910 INFO uvicorn.error Waiting for application startup.
2025-12-31 19:10:36,910 INFO uvicorn.error Application startup complete.
2025-12-31 19:10:36,911 INFO uvicorn.error Uvicorn running on http://0.0.0.0:8000 (Press CTRL+C to quit)
2025-12-31 19:10:49,151 INFO uvicorn.error Shutting down
2025-12-31 19:10:49,256 INFO uvicorn.error Waiting for application shutdown.
2025-12-31 19:10:49,256 INFO uvicorn.error Application shutdown complete.
2025-12-31 19:10:49,256 INFO uvicorn.error Finished server process [22272]
2025-12-31 21:12:13,247 INFO uvicorn.error Started server process [12884]
2025-12-31 21:12:13,247 INFO uvicorn.error Waiting for application startup.
2025-12-31 21:12:13,247 INFO uvicorn.error Application startup complete.
2025-12-31 21:12:13,247 INFO uvicorn.error Uvicorn running on http://0.0.0.0:8000 (Press CTRL+C to quit)
2025-12-31 21:18:28,694 INFO uvicorn.error Shutting down
2025-12-31 21:18:28,807 INFO uvicorn.error Waiting for application shutdown.
2025-12-31 21:18:28,807 INFO uvicorn.error Application shutdown complete.
2025-12-31 21:18:28,808 INFO uvicorn.error Finished server process [12884]
2025-12-31 21:24:50,724 INFO uvicorn.error Started server process [1612]
2025-12-31 21:24:50,724 INFO uvicorn.error Waiting for application startup.
2025-12-31 21:24:50,725 INFO uvicorn.error Application startup complete.
2025-12-31 21:24:50,725 INFO uvicorn.error Uvicorn running on http://0.0.0.0:8000 (Press CTRL+C to quit)
2025-12-31 21:25:55,828 INFO uvicorn.error Shutting down
2025-12-31 21:25:55,928 INFO uvicorn.error Finished server process [1612]
2025-12-31 21:25:55,934 ERROR uvicorn.error Traceback (most recent call last):
  File "C:\Users\ZHYCa\AppData\Roaming\uv\python\cpython-3.11.14-windows-x86_64-none\Lib\asyncio\runners.py", line 190, in run
    return runner.run(main)
           ^^^^^^^^^^^^^^^^
  File "C:\Users\ZHYCa\AppData\Roaming\uv\python\cpython-3.11.14-windows-x86_64-none\Lib\asyncio\runners.py", line 118, in run
    return self._loop.run_until_complete(task)
           ^^^^^^^^^^^^^^^^^^^^^^^^^^^^^^^^^^^
  File "C:\Users\ZHYCa\AppData\Roaming\uv\python\cpython-3.11.14-windows-x86_64-none\Lib\asyncio\base_events.py", line 641, in run_until_complete
    self.run_forever()
  File "C:\Users\ZHYCa\AppData\Roaming\uv\python\cpython-3.11.14-windows-x86_64-none\Lib\asyncio\windows_events.py", line 321, in run_forever
    super().run_forever()
  File "C:\Users\ZHYCa\AppData\Roaming\uv\python\cpython-3.11.14-windows-x86_64-none\Lib\asyncio\base_events.py", line 608, in run_forever
    self._run_once()
  File "C:\Users\ZHYCa\AppData\Roaming\uv\python\cpython-3.11.14-windows-x86_64-none\Lib\asyncio\base_events.py", line 1936, in _run_once
    handle._run()
  File "C:\Users\ZHYCa\AppData\Roaming\uv\python\cpython-3.11.14-windows-x86_64-none\Lib\asyncio\events.py", line 84, in _run
    self._context.run(self._callback, *self._args)
  File "D:\code\valid-info\.venv\Lib\site-packages\uvicorn\server.py", line 68, in serve
    with self.capture_signals():
  File "C:\Users\ZHYCa\AppData\Roaming\uv\python\cpython-3.11.14-windows-x86_64-none\Lib\contextlib.py", line 144, in __exit__
    next(self.gen)
  File "D:\code\valid-info\.venv\Lib\site-packages\uvicorn\server.py", line 328, in capture_signals
    signal.raise_signal(captured_signal)
  File "C:\Users\ZHYCa\AppData\Roaming\uv\python\cpython-3.11.14-windows-x86_64-none\Lib\asyncio\runners.py", line 157, in _on_sigint
    raise KeyboardInterrupt()
KeyboardInterrupt

During handling of the above exception, another exception occurred:

Traceback (most recent call last):
  File "D:\code\valid-info\.venv\Lib\site-packages\starlette\routing.py", line 743, in lifespan
    await receive()
  File "D:\code\valid-info\.venv\Lib\site-packages\uvicorn\lifespan\on.py", line 137, in receive
    return await self.receive_queue.get()
           ^^^^^^^^^^^^^^^^^^^^^^^^^^^^^^
  File "C:\Users\ZHYCa\AppData\Roaming\uv\python\cpython-3.11.14-windows-x86_64-none\Lib\asyncio\queues.py", line 158, in get
    await getter
asyncio.exceptions.CancelledError

2025-12-31 21:29:40,327 INFO uvicorn.error Started server process [20316]
2025-12-31 21:29:40,327 INFO uvicorn.error Waiting for application startup.
2025-12-31 21:29:40,327 INFO uvicorn.error Application startup complete.
2025-12-31 21:29:40,336 INFO uvicorn.error Uvicorn running on http://0.0.0.0:8000 (Press CTRL+C to quit)
2025-12-31 21:32:29,001 INFO uvicorn.error Shutting down
2025-12-31 21:32:29,115 INFO uvicorn.error Finished server process [20316]
2025-12-31 21:32:29,118 ERROR uvicorn.error Traceback (most recent call last):
  File "C:\Users\ZHYCa\AppData\Roaming\uv\python\cpython-3.11.14-windows-x86_64-none\Lib\asyncio\runners.py", line 190, in run
    return runner.run(main)
           ^^^^^^^^^^^^^^^^
  File "C:\Users\ZHYCa\AppData\Roaming\uv\python\cpython-3.11.14-windows-x86_64-none\Lib\asyncio\runners.py", line 118, in run
    return self._loop.run_until_complete(task)
           ^^^^^^^^^^^^^^^^^^^^^^^^^^^^^^^^^^^
  File "C:\Users\ZHYCa\AppData\Roaming\uv\python\cpython-3.11.14-windows-x86_64-none\Lib\asyncio\base_events.py", line 641, in run_until_complete
    self.run_forever()
  File "C:\Users\ZHYCa\AppData\Roaming\uv\python\cpython-3.11.14-windows-x86_64-none\Lib\asyncio\windows_events.py", line 321, in run_forever
    super().run_forever()
  File "C:\Users\ZHYCa\AppData\Roaming\uv\python\cpython-3.11.14-windows-x86_64-none\Lib\asyncio\base_events.py", line 608, in run_forever
    self._run_once()
  File "C:\Users\ZHYCa\AppData\Roaming\uv\python\cpython-3.11.14-windows-x86_64-none\Lib\asyncio\base_events.py", line 1936, in _run_once
    handle._run()
  File "C:\Users\ZHYCa\AppData\Roaming\uv\python\cpython-3.11.14-windows-x86_64-none\Lib\asyncio\events.py", line 84, in _run
    self._context.run(self._callback, *self._args)
  File "D:\code\valid-info\.venv\Lib\site-packages\uvicorn\server.py", line 68, in serve
    with self.capture_signals():
  File "C:\Users\ZHYCa\AppData\Roaming\uv\python\cpython-3.11.14-windows-x86_64-none\Lib\contextlib.py", line 144, in __exit__
    next(self.gen)
  File "D:\code\valid-info\.venv\Lib\site-packages\uvicorn\server.py", line 328, in capture_signals
    signal.raise_signal(captured_signal)
  File "C:\Users\ZHYCa\AppData\Roaming\uv\python\cpython-3.11.14-windows-x86_64-none\Lib\asyncio\runners.py", line 157, in _on_sigint
    raise KeyboardInterrupt()
KeyboardInterrupt

During handling of the above exception, another exception occurred:

Traceback (most recent call last):
  File "D:\code\valid-info\.venv\Lib\site-packages\starlette\routing.py", line 743, in lifespan
    await receive()
  File "D:\code\valid-info\.venv\Lib\site-packages\uvicorn\lifespan\on.py", line 137, in receive
    return await self.receive_queue.get()
           ^^^^^^^^^^^^^^^^^^^^^^^^^^^^^^
  File "C:\Users\ZHYCa\AppData\Roaming\uv\python\cpython-3.11.14-windows-x86_64-none\Lib\asyncio\queues.py", line 158, in get
    await getter
asyncio.exceptions.CancelledError

2025-12-31 21:32:30,258 INFO uvicorn.error Started server process [19584]
2025-12-31 21:32:30,258 INFO uvicorn.error Waiting for application startup.
2025-12-31 21:32:30,258 INFO uvicorn.error Application startup complete.
2025-12-31 21:32:30,259 INFO uvicorn.error Uvicorn running on http://0.0.0.0:8000 (Press CTRL+C to quit)
2025-12-31 21:35:48,496 INFO uvicorn.error Shutting down
2025-12-31 21:35:48,605 INFO uvicorn.error Waiting for application shutdown.
2025-12-31 21:35:48,605 INFO uvicorn.error Application shutdown complete.
2025-12-31 21:35:48,605 INFO uvicorn.error Finished server process [19584]
2025-12-31 21:36:17,696 INFO uvicorn.error Started server process [5736]
2025-12-31 21:36:17,696 INFO uvicorn.error Waiting for application startup.
2025-12-31 21:36:17,696 INFO uvicorn.error Application startup complete.
2025-12-31 21:36:17,696 INFO uvicorn.error Uvicorn running on http://0.0.0.0:8000 (Press CTRL+C to quit)
2025-12-31 21:46:34,682 INFO uvicorn.error Shutting down
2025-12-31 21:46:34,798 INFO uvicorn.error Waiting for application shutdown.
2025-12-31 21:46:34,798 INFO uvicorn.error Application shutdown complete.
2025-12-31 21:46:34,798 INFO uvicorn.error Finished server process [5736]
2025-12-31 21:47:32,942 INFO uvicorn.error Started server process [12184]
2025-12-31 21:47:32,943 INFO uvicorn.error Waiting for application startup.
2025-12-31 21:47:32,943 INFO uvicorn.error Application startup complete.
2025-12-31 21:47:32,944 INFO uvicorn.error Uvicorn running on http://0.0.0.0:8000 (Press CTRL+C to quit)
2025-12-31 21:49:21,091 INFO uvicorn.error Shutting down
2025-12-31 21:49:21,202 INFO uvicorn.error Waiting for application shutdown.
2025-12-31 21:49:21,202 INFO uvicorn.error Application shutdown complete.
2025-12-31 21:49:21,202 INFO uvicorn.error Finished server process [12184]
2025-12-31 21:57:06,436 INFO uvicorn.error Started server process [24160]
2025-12-31 21:57:06,437 INFO uvicorn.error Waiting for application startup.
2025-12-31 21:57:06,437 INFO uvicorn.error Application startup complete.
2025-12-31 21:57:06,437 INFO uvicorn.error Uvicorn running on http://0.0.0.0:8000 (Press CTRL+C to quit)
2025-12-31 21:59:37,340 INFO uvicorn.error Shutting down
2025-12-31 21:59:37,443 INFO uvicorn.error Waiting for application shutdown.
2025-12-31 21:59:37,443 INFO uvicorn.error Application shutdown complete.
2025-12-31 21:59:37,443 INFO uvicorn.error Finished server process [24160]
2025-12-31 22:03:21,857 INFO uvicorn.error Started server process [22948]
2025-12-31 22:03:21,857 INFO uvicorn.error Waiting for application startup.
2025-12-31 22:03:21,857 INFO uvicorn.error Application startup complete.
2025-12-31 22:03:21,858 INFO uvicorn.error Uvicorn running on http://0.0.0.0:8000 (Press CTRL+C to quit)
2025-12-31 22:04:29,618 INFO uvicorn.error Shutting down
2025-12-31 22:04:29,730 INFO uvicorn.error Finished server process [22948]
2025-12-31 22:04:29,732 ERROR uvicorn.error Traceback (most recent call last):
  File "C:\Users\ZHYCa\AppData\Roaming\uv\python\cpython-3.11.14-windows-x86_64-none\Lib\asyncio\runners.py", line 190, in run
    return runner.run(main)
           ^^^^^^^^^^^^^^^^
  File "C:\Users\ZHYCa\AppData\Roaming\uv\python\cpython-3.11.14-windows-x86_64-none\Lib\asyncio\runners.py", line 118, in run
    return self._loop.run_until_complete(task)
           ^^^^^^^^^^^^^^^^^^^^^^^^^^^^^^^^^^^
  File "C:\Users\ZHYCa\AppData\Roaming\uv\python\cpython-3.11.14-windows-x86_64-none\Lib\asyncio\base_events.py", line 641, in run_until_complete
    self.run_forever()
  File "C:\Users\ZHYCa\AppData\Roaming\uv\python\cpython-3.11.14-windows-x86_64-none\Lib\asyncio\windows_events.py", line 321, in run_forever
    super().run_forever()
  File "C:\Users\ZHYCa\AppData\Roaming\uv\python\cpython-3.11.14-windows-x86_64-none\Lib\asyncio\base_events.py", line 608, in run_forever
    self._run_once()
  File "C:\Users\ZHYCa\AppData\Roaming\uv\python\cpython-3.11.14-windows-x86_64-none\Lib\asyncio\base_events.py", line 1936, in _run_once
    handle._run()
  File "C:\Users\ZHYCa\AppData\Roaming\uv\python\cpython-3.11.14-windows-x86_64-none\Lib\asyncio\events.py", line 84, in _run
    self._context.run(self._callback, *self._args)
  File "D:\code\valid-info\.venv\Lib\site-packages\uvicorn\server.py", line 68, in serve
    with self.capture_signals():
  File "C:\Users\ZHYCa\AppData\Roaming\uv\python\cpython-3.11.14-windows-x86_64-none\Lib\contextlib.py", line 144, in __exit__
    next(self.gen)
  File "D:\code\valid-info\.venv\Lib\site-packages\uvicorn\server.py", line 328, in capture_signals
    signal.raise_signal(captured_signal)
  File "C:\Users\ZHYCa\AppData\Roaming\uv\python\cpython-3.11.14-windows-x86_64-none\Lib\asyncio\runners.py", line 157, in _on_sigint
    raise KeyboardInterrupt()
KeyboardInterrupt

During handling of the above exception, another exception occurred:

Traceback (most recent call last):
  File "D:\code\valid-info\.venv\Lib\site-packages\starlette\routing.py", line 743, in lifespan
    await receive()
  File "D:\code\valid-info\.venv\Lib\site-packages\uvicorn\lifespan\on.py", line 137, in receive
    return await self.receive_queue.get()
           ^^^^^^^^^^^^^^^^^^^^^^^^^^^^^^
  File "C:\Users\ZHYCa\AppData\Roaming\uv\python\cpython-3.11.14-windows-x86_64-none\Lib\asyncio\queues.py", line 158, in get
    await getter
asyncio.exceptions.CancelledError

2025-12-31 22:07:07,176 INFO uvicorn.error Started server process [11052]
2025-12-31 22:07:07,176 INFO uvicorn.error Waiting for application startup.
2025-12-31 22:07:07,177 INFO uvicorn.error Application startup complete.
2025-12-31 22:07:07,177 INFO uvicorn.error Uvicorn running on http://0.0.0.0:8000 (Press CTRL+C to quit)
2025-12-31 22:07:58,606 INFO uvicorn.error Shutting down
2025-12-31 22:07:58,721 INFO uvicorn.error Waiting for application shutdown.
2025-12-31 22:07:58,721 INFO uvicorn.error Application shutdown complete.
2025-12-31 22:07:58,721 INFO uvicorn.error Finished server process [11052]
2025-12-31 22:09:34,216 INFO uvicorn.error Started server process [20824]
2025-12-31 22:09:34,216 INFO uvicorn.error Waiting for application startup.
2025-12-31 22:09:34,216 INFO uvicorn.error Application startup complete.
2025-12-31 22:09:34,217 INFO uvicorn.error Uvicorn running on http://0.0.0.0:8000 (Press CTRL+C to quit)
2025-12-31 22:09:50,113 INFO uvicorn.error Shutting down
2025-12-31 22:09:50,215 INFO uvicorn.error Waiting for application shutdown.
2025-12-31 22:09:50,215 INFO uvicorn.error Application shutdown complete.
2025-12-31 22:09:50,215 INFO uvicorn.error Finished server process [20824]
2025-12-31 22:10:41,705 INFO uvicorn.error Started server process [17768]
2025-12-31 22:10:41,705 INFO uvicorn.error Waiting for application startup.
2025-12-31 22:10:41,705 INFO uvicorn.error Application startup complete.
2025-12-31 22:10:41,706 INFO uvicorn.error Uvicorn running on http://0.0.0.0:8000 (Press CTRL+C to quit)
2025-12-31 22:11:33,843 INFO uvicorn.error Shutting down
2025-12-31 22:11:33,947 INFO uvicorn.error Waiting for application shutdown.
2025-12-31 22:11:33,947 INFO uvicorn.error Application shutdown complete.
2025-12-31 22:11:33,947 INFO uvicorn.error Finished server process [17768]
2025-12-31 22:12:14,271 INFO uvicorn.error Started server process [3416]
2025-12-31 22:12:14,272 INFO uvicorn.error Waiting for application startup.
2025-12-31 22:12:14,272 INFO uvicorn.error Application startup complete.
2025-12-31 22:12:14,272 INFO uvicorn.error Uvicorn running on http://0.0.0.0:8000 (Press CTRL+C to quit)
2025-12-31 22:12:40,695 INFO uvicorn.error Shutting down
2025-12-31 22:12:40,809 INFO uvicorn.error Waiting for application shutdown.
2025-12-31 22:12:40,809 INFO uvicorn.error Application shutdown complete.
2025-12-31 22:12:40,809 INFO uvicorn.error Finished server process [3416]
2025-12-31 22:13:40,357 INFO uvicorn.error Started server process [15384]
2025-12-31 22:13:40,357 INFO uvicorn.error Waiting for application startup.
2025-12-31 22:13:40,358 INFO uvicorn.error Application startup complete.
2025-12-31 22:13:40,359 INFO uvicorn.error Uvicorn running on http://0.0.0.0:8000 (Press CTRL+C to quit)
2025-12-31 22:13:55,184 INFO uvicorn.error Shutting down
2025-12-31 22:13:55,286 INFO uvicorn.error Waiting for application shutdown.
2025-12-31 22:13:55,288 INFO uvicorn.error Application shutdown complete.
2025-12-31 22:13:55,288 INFO uvicorn.error Finished server process [15384]
2025-12-31 22:15:47,551 INFO uvicorn.error Started server process [20504]
2025-12-31 22:15:47,551 INFO uvicorn.error Waiting for application startup.
2025-12-31 22:15:47,551 INFO uvicorn.error Application startup complete.
2025-12-31 22:15:47,552 INFO uvicorn.error Uvicorn running on http://0.0.0.0:8000 (Press CTRL+C to quit)
2025-12-31 22:17:28,695 INFO uvicorn.error Shutting down
2025-12-31 22:17:28,803 INFO uvicorn.error Waiting for application shutdown.
2025-12-31 22:17:28,803 INFO uvicorn.error Application shutdown complete.
2025-12-31 22:17:28,803 INFO uvicorn.error Finished server process [20504]
2025-12-31 22:19:13,851 INFO uvicorn.error Started server process [10836]
2025-12-31 22:19:13,851 INFO uvicorn.error Waiting for application startup.
2025-12-31 22:19:13,852 INFO uvicorn.error Application startup complete.
2025-12-31 22:19:13,852 INFO uvicorn.error Uvicorn running on http://0.0.0.0:8000 (Press CTRL+C to quit)
2025-12-31 22:19:47,442 INFO uvicorn.error Shutting down
2025-12-31 22:19:47,522 INFO uvicorn.error Finished server process [10836]
2025-12-31 22:19:47,524 ERROR uvicorn.error Traceback (most recent call last):
  File "C:\Users\ZHYCa\AppData\Roaming\uv\python\cpython-3.11.14-windows-x86_64-none\Lib\asyncio\runners.py", line 190, in run
    return runner.run(main)
           ^^^^^^^^^^^^^^^^
  File "C:\Users\ZHYCa\AppData\Roaming\uv\python\cpython-3.11.14-windows-x86_64-none\Lib\asyncio\runners.py", line 118, in run
    return self._loop.run_until_complete(task)
           ^^^^^^^^^^^^^^^^^^^^^^^^^^^^^^^^^^^
  File "C:\Users\ZHYCa\AppData\Roaming\uv\python\cpython-3.11.14-windows-x86_64-none\Lib\asyncio\base_events.py", line 641, in run_until_complete
    self.run_forever()
  File "C:\Users\ZHYCa\AppData\Roaming\uv\python\cpython-3.11.14-windows-x86_64-none\Lib\asyncio\windows_events.py", line 321, in run_forever
    super().run_forever()
  File "C:\Users\ZHYCa\AppData\Roaming\uv\python\cpython-3.11.14-windows-x86_64-none\Lib\asyncio\base_events.py", line 608, in run_forever
    self._run_once()
  File "C:\Users\ZHYCa\AppData\Roaming\uv\python\cpython-3.11.14-windows-x86_64-none\Lib\asyncio\base_events.py", line 1936, in _run_once
    handle._run()
  File "C:\Users\ZHYCa\AppData\Roaming\uv\python\cpython-3.11.14-windows-x86_64-none\Lib\asyncio\events.py", line 84, in _run
    self._context.run(self._callback, *self._args)
  File "D:\code\valid-info\.venv\Lib\site-packages\uvicorn\server.py", line 68, in serve
    with self.capture_signals():
  File "C:\Users\ZHYCa\AppData\Roaming\uv\python\cpython-3.11.14-windows-x86_64-none\Lib\contextlib.py", line 144, in __exit__
    next(self.gen)
  File "D:\code\valid-info\.venv\Lib\site-packages\uvicorn\server.py", line 328, in capture_signals
    signal.raise_signal(captured_signal)
  File "C:\Users\ZHYCa\AppData\Roaming\uv\python\cpython-3.11.14-windows-x86_64-none\Lib\asyncio\runners.py", line 157, in _on_sigint
    raise KeyboardInterrupt()
KeyboardInterrupt

During handling of the above exception, another exception occurred:

Traceback (most recent call last):
  File "D:\code\valid-info\.venv\Lib\site-packages\starlette\routing.py", line 743, in lifespan
    await receive()
  File "D:\code\valid-info\.venv\Lib\site-packages\uvicorn\lifespan\on.py", line 137, in receive
    return await self.receive_queue.get()
           ^^^^^^^^^^^^^^^^^^^^^^^^^^^^^^
  File "C:\Users\ZHYCa\AppData\Roaming\uv\python\cpython-3.11.14-windows-x86_64-none\Lib\asyncio\queues.py", line 158, in get
    await getter
asyncio.exceptions.CancelledError

2025-12-31 22:20:05,816 INFO uvicorn.error Started server process [17512]
2025-12-31 22:20:05,816 INFO uvicorn.error Waiting for application startup.
2025-12-31 22:20:05,816 INFO uvicorn.error Application startup complete.
2025-12-31 22:20:05,816 INFO uvicorn.error Uvicorn running on http://0.0.0.0:8000 (Press CTRL+C to quit)
2025-12-31 22:21:03,744 INFO uvicorn.error Shutting down
2025-12-31 22:21:03,854 INFO uvicorn.error Finished server process [17512]
2025-12-31 22:21:03,856 ERROR uvicorn.error Traceback (most recent call last):
  File "C:\Users\ZHYCa\AppData\Roaming\uv\python\cpython-3.11.14-windows-x86_64-none\Lib\asyncio\runners.py", line 190, in run
    return runner.run(main)
           ^^^^^^^^^^^^^^^^
  File "C:\Users\ZHYCa\AppData\Roaming\uv\python\cpython-3.11.14-windows-x86_64-none\Lib\asyncio\runners.py", line 118, in run
    return self._loop.run_until_complete(task)
           ^^^^^^^^^^^^^^^^^^^^^^^^^^^^^^^^^^^
  File "C:\Users\ZHYCa\AppData\Roaming\uv\python\cpython-3.11.14-windows-x86_64-none\Lib\asyncio\base_events.py", line 641, in run_until_complete
    self.run_forever()
  File "C:\Users\ZHYCa\AppData\Roaming\uv\python\cpython-3.11.14-windows-x86_64-none\Lib\asyncio\windows_events.py", line 321, in run_forever
    super().run_forever()
  File "C:\Users\ZHYCa\AppData\Roaming\uv\python\cpython-3.11.14-windows-x86_64-none\Lib\asyncio\base_events.py", line 608, in run_forever
    self._run_once()
  File "C:\Users\ZHYCa\AppData\Roaming\uv\python\cpython-3.11.14-windows-x86_64-none\Lib\asyncio\base_events.py", line 1936, in _run_once
    handle._run()
  File "C:\Users\ZHYCa\AppData\Roaming\uv\python\cpython-3.11.14-windows-x86_64-none\Lib\asyncio\events.py", line 84, in _run
    self._context.run(self._callback, *self._args)
  File "D:\code\valid-info\.venv\Lib\site-packages\uvicorn\server.py", line 68, in serve
    with self.capture_signals():
  File "C:\Users\ZHYCa\AppData\Roaming\uv\python\cpython-3.11.14-windows-x86_64-none\Lib\contextlib.py", line 144, in __exit__
    next(self.gen)
  File "D:\code\valid-info\.venv\Lib\site-packages\uvicorn\server.py", line 328, in capture_signals
    signal.raise_signal(captured_signal)
  File "C:\Users\ZHYCa\AppData\Roaming\uv\python\cpython-3.11.14-windows-x86_64-none\Lib\asyncio\runners.py", line 157, in _on_sigint
    raise KeyboardInterrupt()
KeyboardInterrupt

During handling of the above exception, another exception occurred:

Traceback (most recent call last):
  File "D:\code\valid-info\.venv\Lib\site-packages\starlette\routing.py", line 743, in lifespan
    await receive()
  File "D:\code\valid-info\.venv\Lib\site-packages\uvicorn\lifespan\on.py", line 137, in receive
    return await self.receive_queue.get()
           ^^^^^^^^^^^^^^^^^^^^^^^^^^^^^^
  File "C:\Users\ZHYCa\AppData\Roaming\uv\python\cpython-3.11.14-windows-x86_64-none\Lib\asyncio\queues.py", line 158, in get
    await getter
asyncio.exceptions.CancelledError

2025-12-31 22:24:42,772 INFO uvicorn.error Started server process [15864]
2025-12-31 22:24:42,773 INFO uvicorn.error Waiting for application startup.
2025-12-31 22:24:42,773 INFO uvicorn.error Application startup complete.
2025-12-31 22:24:42,773 INFO uvicorn.error Uvicorn running on http://0.0.0.0:8000 (Press CTRL+C to quit)
2025-12-31 22:25:06,366 INFO uvicorn.error Shutting down
2025-12-31 22:25:06,476 INFO uvicorn.error Waiting for application shutdown.
2025-12-31 22:25:06,476 INFO uvicorn.error Application shutdown complete.
2025-12-31 22:25:06,476 INFO uvicorn.error Finished server process [15864]
2025-12-31 22:35:53,499 INFO uvicorn.error Started server process [20768]
2025-12-31 22:35:53,499 INFO uvicorn.error Waiting for application startup.
2025-12-31 22:35:53,500 INFO uvicorn.error Application startup complete.
2025-12-31 22:35:53,500 INFO uvicorn.error Uvicorn running on http://0.0.0.0:8000 (Press CTRL+C to quit)
2025-12-31 22:38:45,245 INFO uvicorn.error Shutting down
2025-12-31 22:38:45,355 INFO uvicorn.error Waiting for application shutdown.
2025-12-31 22:38:45,355 INFO uvicorn.error Application shutdown complete.
2025-12-31 22:38:45,355 INFO uvicorn.error Finished server process [20768]
2025-12-31 22:50:52,163 INFO uvicorn.error Started server process [17708]
2025-12-31 22:50:52,163 INFO uvicorn.error Waiting for application startup.
2025-12-31 22:50:52,164 INFO uvicorn.error Application startup complete.
2025-12-31 22:50:52,164 INFO uvicorn.error Uvicorn running on http://0.0.0.0:8000 (Press CTRL+C to quit)
2025-12-31 22:58:23,204 INFO uvicorn.error Shutting down
2025-12-31 22:58:23,306 INFO uvicorn.error Waiting for application shutdown.
2025-12-31 22:58:23,306 INFO uvicorn.error Application shutdown complete.
2025-12-31 22:58:23,306 INFO uvicorn.error Finished server process [17708]
2025-12-31 23:01:18,743 INFO uvicorn.error Started server process [2252]
2025-12-31 23:01:18,744 INFO uvicorn.error Waiting for application startup.
2025-12-31 23:01:18,744 INFO uvicorn.error Application startup complete.
2025-12-31 23:01:18,744 INFO uvicorn.error Uvicorn running on http://0.0.0.0:8000 (Press CTRL+C to quit)
2025-12-31 23:04:38,677 INFO uvicorn.error Shutting down
2025-12-31 23:04:38,793 INFO uvicorn.error Finished server process [2252]
2025-12-31 23:04:38,795 ERROR uvicorn.error Traceback (most recent call last):
  File "C:\Users\ZHYCa\AppData\Roaming\uv\python\cpython-3.11.14-windows-x86_64-none\Lib\asyncio\runners.py", line 190, in run
    return runner.run(main)
           ^^^^^^^^^^^^^^^^
  File "C:\Users\ZHYCa\AppData\Roaming\uv\python\cpython-3.11.14-windows-x86_64-none\Lib\asyncio\runners.py", line 118, in run
    return self._loop.run_until_complete(task)
           ^^^^^^^^^^^^^^^^^^^^^^^^^^^^^^^^^^^
  File "C:\Users\ZHYCa\AppData\Roaming\uv\python\cpython-3.11.14-windows-x86_64-none\Lib\asyncio\base_events.py", line 641, in run_until_complete
    self.run_forever()
  File "C:\Users\ZHYCa\AppData\Roaming\uv\python\cpython-3.11.14-windows-x86_64-none\Lib\asyncio\windows_events.py", line 321, in run_forever
    super().run_forever()
  File "C:\Users\ZHYCa\AppData\Roaming\uv\python\cpython-3.11.14-windows-x86_64-none\Lib\asyncio\base_events.py", line 608, in run_forever
    self._run_once()
  File "C:\Users\ZHYCa\AppData\Roaming\uv\python\cpython-3.11.14-windows-x86_64-none\Lib\asyncio\base_events.py", line 1936, in _run_once
    handle._run()
  File "C:\Users\ZHYCa\AppData\Roaming\uv\python\cpython-3.11.14-windows-x86_64-none\Lib\asyncio\events.py", line 84, in _run
    self._context.run(self._callback, *self._args)
  File "D:\code\valid-info\.venv\Lib\site-packages\uvicorn\server.py", line 68, in serve
    with self.capture_signals():
  File "C:\Users\ZHYCa\AppData\Roaming\uv\python\cpython-3.11.14-windows-x86_64-none\Lib\contextlib.py", line 144, in __exit__
    next(self.gen)
  File "D:\code\valid-info\.venv\Lib\site-packages\uvicorn\server.py", line 328, in capture_signals
    signal.raise_signal(captured_signal)
  File "C:\Users\ZHYCa\AppData\Roaming\uv\python\cpython-3.11.14-windows-x86_64-none\Lib\asyncio\runners.py", line 157, in _on_sigint
    raise KeyboardInterrupt()
KeyboardInterrupt

During handling of the above exception, another exception occurred:

Traceback (most recent call last):
  File "D:\code\valid-info\.venv\Lib\site-packages\starlette\routing.py", line 743, in lifespan
    await receive()
  File "D:\code\valid-info\.venv\Lib\site-packages\uvicorn\lifespan\on.py", line 137, in receive
    return await self.receive_queue.get()
           ^^^^^^^^^^^^^^^^^^^^^^^^^^^^^^
  File "C:\Users\ZHYCa\AppData\Roaming\uv\python\cpython-3.11.14-windows-x86_64-none\Lib\asyncio\queues.py", line 158, in get
    await getter
asyncio.exceptions.CancelledError

2025-12-31 23:04:39,735 INFO uvicorn.error Started server process [21184]
2025-12-31 23:04:39,735 INFO uvicorn.error Waiting for application startup.
2025-12-31 23:04:39,736 INFO uvicorn.error Application startup complete.
2025-12-31 23:04:39,736 INFO uvicorn.error Uvicorn running on http://0.0.0.0:8000 (Press CTRL+C to quit)
2025-12-31 23:05:13,042 INFO uvicorn.error Shutting down
2025-12-31 23:05:13,156 INFO uvicorn.error Waiting for application shutdown.
2025-12-31 23:05:13,156 INFO uvicorn.error Application shutdown complete.
2025-12-31 23:05:13,156 INFO uvicorn.error Finished server process [21184]
2025-12-31 23:07:28,368 INFO uvicorn.error Started server process [19552]
2025-12-31 23:07:28,368 INFO uvicorn.error Waiting for application startup.
2025-12-31 23:07:28,368 INFO uvicorn.error Application startup complete.
2025-12-31 23:07:28,369 INFO uvicorn.error Uvicorn running on http://0.0.0.0:8000 (Press CTRL+C to quit)
2025-12-31 23:10:30,038 INFO uvicorn.error Shutting down
2025-12-31 23:10:30,146 INFO uvicorn.error Waiting for application shutdown.
2025-12-31 23:10:30,146 INFO uvicorn.error Application shutdown complete.
2025-12-31 23:10:30,146 INFO uvicorn.error Finished server process [19552]
2025-12-31 23:38:50,614 INFO uvicorn.error Started server process [3624]
2025-12-31 23:38:50,615 INFO uvicorn.error Waiting for application startup.
2025-12-31 23:38:50,615 INFO uvicorn.error Application startup complete.
2025-12-31 23:38:50,615 INFO uvicorn.error Uvicorn running on http://0.0.0.0:8000 (Press CTRL+C to quit)
2025-12-31 23:40:09,172 INFO uvicorn.error Shutting down
2025-12-31 23:40:09,281 INFO uvicorn.error Waiting for application shutdown.
2025-12-31 23:40:09,281 INFO uvicorn.error Application shutdown complete.
2025-12-31 23:40:09,282 INFO uvicorn.error Finished server process [3624]
2026-01-01 10:47:13,183 INFO uvicorn.error Started server process [25004]
2026-01-01 10:47:13,185 INFO uvicorn.error Waiting for application startup.
2026-01-01 10:47:13,185 INFO uvicorn.error Application startup complete.
2026-01-01 10:47:13,186 INFO uvicorn.error Uvicorn running on http://0.0.0.0:8000 (Press CTRL+C to quit)
2026-01-01 10:47:15,220 INFO uvicorn.error Shutting down
2026-01-01 10:47:15,328 INFO uvicorn.error Waiting for application shutdown.
2026-01-01 10:47:15,328 INFO uvicorn.error Application shutdown complete.
2026-01-01 10:47:15,328 INFO uvicorn.error Finished server process [25004]
2026-01-01 10:49:21,433 INFO uvicorn.error Started server process [25200]
2026-01-01 10:49:21,433 INFO uvicorn.error Waiting for application startup.
2026-01-01 10:49:21,434 INFO uvicorn.error Application startup complete.
2026-01-01 10:49:21,434 INFO uvicorn.error Uvicorn running on http://0.0.0.0:8000 (Press CTRL+C to quit)
2026-01-01 10:50:07,660 INFO uvicorn.error Shutting down
2026-01-01 10:50:07,775 INFO uvicorn.error Waiting for application shutdown.
2026-01-01 10:50:07,776 INFO uvicorn.error Application shutdown complete.
2026-01-01 10:50:07,776 INFO uvicorn.error Finished server process [25200]
2026-01-01 10:58:16,173 INFO uvicorn.error Started server process [8488]
2026-01-01 10:58:16,173 INFO uvicorn.error Waiting for application startup.
2026-01-01 10:58:16,173 INFO uvicorn.error Application startup complete.
2026-01-01 10:58:16,174 INFO uvicorn.error Uvicorn running on http://0.0.0.0:8000 (Press CTRL+C to quit)
2026-01-01 10:59:09,890 INFO uvicorn.error Shutting down
2026-01-01 10:59:10,003 INFO uvicorn.error Finished server process [8488]
2026-01-01 10:59:10,132 ERROR uvicorn.error Traceback (most recent call last):
  File "C:\Users\ZHYCa\AppData\Roaming\uv\python\cpython-3.11.14-windows-x86_64-none\Lib\asyncio\runners.py", line 190, in run
    return runner.run(main)
           ^^^^^^^^^^^^^^^^
  File "C:\Users\ZHYCa\AppData\Roaming\uv\python\cpython-3.11.14-windows-x86_64-none\Lib\asyncio\runners.py", line 118, in run
    return self._loop.run_until_complete(task)
           ^^^^^^^^^^^^^^^^^^^^^^^^^^^^^^^^^^^
  File "C:\Users\ZHYCa\AppData\Roaming\uv\python\cpython-3.11.14-windows-x86_64-none\Lib\asyncio\base_events.py", line 641, in run_until_complete
    self.run_forever()
  File "C:\Users\ZHYCa\AppData\Roaming\uv\python\cpython-3.11.14-windows-x86_64-none\Lib\asyncio\windows_events.py", line 321, in run_forever
    super().run_forever()
  File "C:\Users\ZHYCa\AppData\Roaming\uv\python\cpython-3.11.14-windows-x86_64-none\Lib\asyncio\base_events.py", line 608, in run_forever
    self._run_once()
  File "C:\Users\ZHYCa\AppData\Roaming\uv\python\cpython-3.11.14-windows-x86_64-none\Lib\asyncio\base_events.py", line 1936, in _run_once
    handle._run()
  File "C:\Users\ZHYCa\AppData\Roaming\uv\python\cpython-3.11.14-windows-x86_64-none\Lib\asyncio\events.py", line 84, in _run
    self._context.run(self._callback, *self._args)
  File "D:\code\valid-info\.venv\Lib\site-packages\uvicorn\server.py", line 68, in serve
    with self.capture_signals():
  File "C:\Users\ZHYCa\AppData\Roaming\uv\python\cpython-3.11.14-windows-x86_64-none\Lib\contextlib.py", line 144, in __exit__
    next(self.gen)
  File "D:\code\valid-info\.venv\Lib\site-packages\uvicorn\server.py", line 328, in capture_signals
    signal.raise_signal(captured_signal)
  File "C:\Users\ZHYCa\AppData\Roaming\uv\python\cpython-3.11.14-windows-x86_64-none\Lib\asyncio\runners.py", line 157, in _on_sigint
    raise KeyboardInterrupt()
KeyboardInterrupt

During handling of the above exception, another exception occurred:

Traceback (most recent call last):
  File "D:\code\valid-info\.venv\Lib\site-packages\starlette\routing.py", line 743, in lifespan
    await receive()
  File "D:\code\valid-info\.venv\Lib\site-packages\uvicorn\lifespan\on.py", line 137, in receive
    return await self.receive_queue.get()
           ^^^^^^^^^^^^^^^^^^^^^^^^^^^^^^
  File "C:\Users\ZHYCa\AppData\Roaming\uv\python\cpython-3.11.14-windows-x86_64-none\Lib\asyncio\queues.py", line 158, in get
    await getter
asyncio.exceptions.CancelledError

2026-01-01 11:11:52,009 INFO uvicorn.error Started server process [10232]
2026-01-01 11:11:52,009 INFO uvicorn.error Waiting for application startup.
2026-01-01 11:11:52,009 INFO uvicorn.error Application startup complete.
2026-01-01 11:11:52,010 INFO uvicorn.error Uvicorn running on http://0.0.0.0:8000 (Press CTRL+C to quit)
2026-01-01 11:15:04,548 INFO uvicorn.error Shutting down
2026-01-01 11:15:04,651 INFO uvicorn.error Waiting for application shutdown.
2026-01-01 11:15:04,652 INFO uvicorn.error Application shutdown complete.
2026-01-01 11:15:04,653 INFO uvicorn.error Finished server process [10232]
2026-01-01 11:18:22,901 INFO uvicorn.error Started server process [13304]
2026-01-01 11:18:22,901 INFO uvicorn.error Waiting for application startup.
2026-01-01 11:18:22,902 INFO uvicorn.error Application startup complete.
2026-01-01 11:18:22,903 INFO uvicorn.error Uvicorn running on http://0.0.0.0:8000 (Press CTRL+C to quit)
2026-01-01 11:19:53,940 INFO uvicorn.error Shutting down
2026-01-01 11:19:54,046 INFO uvicorn.error Waiting for application shutdown.
2026-01-01 11:19:54,046 INFO uvicorn.error Application shutdown complete.
2026-01-01 11:19:54,046 INFO uvicorn.error Finished server process [13304]
2026-01-01 11:30:59,276 INFO uvicorn.error Started server process [13512]
2026-01-01 11:30:59,276 INFO uvicorn.error Waiting for application startup.
2026-01-01 11:30:59,277 INFO uvicorn.error Application startup complete.
2026-01-01 11:30:59,277 INFO uvicorn.error Uvicorn running on http://0.0.0.0:8000 (Press CTRL+C to quit)
2026-01-01 11:34:30,746 INFO uvicorn.error Shutting down
2026-01-01 11:34:30,842 INFO uvicorn.error Finished server process [13512]
2026-01-01 11:34:30,845 ERROR uvicorn.error Traceback (most recent call last):
  File "C:\Users\ZHYCa\AppData\Roaming\uv\python\cpython-3.11.14-windows-x86_64-none\Lib\asyncio\runners.py", line 190, in run
    return runner.run(main)
           ^^^^^^^^^^^^^^^^
  File "C:\Users\ZHYCa\AppData\Roaming\uv\python\cpython-3.11.14-windows-x86_64-none\Lib\asyncio\runners.py", line 118, in run
    return self._loop.run_until_complete(task)
           ^^^^^^^^^^^^^^^^^^^^^^^^^^^^^^^^^^^
  File "C:\Users\ZHYCa\AppData\Roaming\uv\python\cpython-3.11.14-windows-x86_64-none\Lib\asyncio\base_events.py", line 641, in run_until_complete
    self.run_forever()
  File "C:\Users\ZHYCa\AppData\Roaming\uv\python\cpython-3.11.14-windows-x86_64-none\Lib\asyncio\windows_events.py", line 321, in run_forever
    super().run_forever()
  File "C:\Users\ZHYCa\AppData\Roaming\uv\python\cpython-3.11.14-windows-x86_64-none\Lib\asyncio\base_events.py", line 608, in run_forever
    self._run_once()
  File "C:\Users\ZHYCa\AppData\Roaming\uv\python\cpython-3.11.14-windows-x86_64-none\Lib\asyncio\base_events.py", line 1936, in _run_once
    handle._run()
  File "C:\Users\ZHYCa\AppData\Roaming\uv\python\cpython-3.11.14-windows-x86_64-none\Lib\asyncio\events.py", line 84, in _run
    self._context.run(self._callback, *self._args)
  File "D:\code\valid-info\.venv\Lib\site-packages\uvicorn\server.py", line 68, in serve
    with self.capture_signals():
  File "C:\Users\ZHYCa\AppData\Roaming\uv\python\cpython-3.11.14-windows-x86_64-none\Lib\contextlib.py", line 144, in __exit__
    next(self.gen)
  File "D:\code\valid-info\.venv\Lib\site-packages\uvicorn\server.py", line 328, in capture_signals
    signal.raise_signal(captured_signal)
  File "C:\Users\ZHYCa\AppData\Roaming\uv\python\cpython-3.11.14-windows-x86_64-none\Lib\asyncio\runners.py", line 157, in _on_sigint
    raise KeyboardInterrupt()
KeyboardInterrupt

During handling of the above exception, another exception occurred:

Traceback (most recent call last):
  File "D:\code\valid-info\.venv\Lib\site-packages\starlette\routing.py", line 743, in lifespan
    await receive()
  File "D:\code\valid-info\.venv\Lib\site-packages\uvicorn\lifespan\on.py", line 137, in receive
    return await self.receive_queue.get()
           ^^^^^^^^^^^^^^^^^^^^^^^^^^^^^^
  File "C:\Users\ZHYCa\AppData\Roaming\uv\python\cpython-3.11.14-windows-x86_64-none\Lib\asyncio\queues.py", line 158, in get
    await getter
asyncio.exceptions.CancelledError

2026-01-01 11:40:34,230 INFO uvicorn.error Started server process [19432]
2026-01-01 11:40:34,230 INFO uvicorn.error Waiting for application startup.
2026-01-01 11:40:34,231 INFO uvicorn.error Application startup complete.
2026-01-01 11:40:34,231 INFO uvicorn.error Uvicorn running on http://0.0.0.0:8000 (Press CTRL+C to quit)
2026-01-01 11:41:21,217 INFO uvicorn.error Shutting down
2026-01-01 11:41:21,319 INFO uvicorn.error Waiting for application shutdown.
2026-01-01 11:41:21,320 INFO uvicorn.error Application shutdown complete.
2026-01-01 11:41:21,320 INFO uvicorn.error Finished server process [19432]
2026-01-01 12:08:57,656 INFO uvicorn.error Started server process [20392]
2026-01-01 12:08:57,656 INFO uvicorn.error Waiting for application startup.
2026-01-01 12:08:57,656 INFO uvicorn.error Application startup complete.
2026-01-01 12:08:57,657 INFO uvicorn.error Uvicorn running on http://0.0.0.0:8000 (Press CTRL+C to quit)
2026-01-01 12:10:04,076 INFO uvicorn.error Shutting down
2026-01-01 12:10:04,170 INFO uvicorn.error Waiting for application shutdown.
2026-01-01 12:10:04,170 INFO uvicorn.error Application shutdown complete.
2026-01-01 12:10:04,170 INFO uvicorn.error Finished server process [20392]
2026-01-01 13:27:20,044 INFO uvicorn.error Started server process [17508]
2026-01-01 13:27:20,047 INFO uvicorn.error Waiting for application startup.
2026-01-01 13:27:20,048 INFO uvicorn.error Application startup complete.
2026-01-01 13:27:20,048 INFO uvicorn.error Uvicorn running on http://0.0.0.0:8000 (Press CTRL+C to quit)
2026-01-01 13:29:36,241 INFO uvicorn.error Shutting down
2026-01-01 13:29:36,343 INFO uvicorn.error Waiting for application shutdown.
2026-01-01 13:29:36,343 INFO uvicorn.error Application shutdown complete.
2026-01-01 13:29:36,343 INFO uvicorn.error Finished server process [17508]
2026-01-01 13:39:56,291 INFO uvicorn.error Started server process [2448]
2026-01-01 13:39:56,291 INFO uvicorn.error Waiting for application startup.
2026-01-01 13:39:56,292 INFO uvicorn.error Application startup complete.
2026-01-01 13:39:56,292 INFO uvicorn.error Uvicorn running on http://0.0.0.0:8000 (Press CTRL+C to quit)
2026-01-01 13:44:22,094 INFO uvicorn.error Shutting down
2026-01-01 13:44:22,197 INFO uvicorn.error Waiting for application shutdown.
2026-01-01 13:44:22,197 INFO uvicorn.error Application shutdown complete.
2026-01-01 13:44:22,198 INFO uvicorn.error Finished server process [2448]
2026-01-01 13:45:34,156 INFO uvicorn.error Started server process [18528]
2026-01-01 13:45:34,157 INFO uvicorn.error Waiting for application startup.
2026-01-01 13:45:34,157 INFO uvicorn.error Application startup complete.
2026-01-01 13:45:34,158 INFO uvicorn.error Uvicorn running on http://0.0.0.0:8000 (Press CTRL+C to quit)
2026-01-01 13:47:34,773 INFO uvicorn.error Shutting down
2026-01-01 13:47:34,877 INFO uvicorn.error Waiting for application shutdown.
2026-01-01 13:47:34,877 INFO uvicorn.error Application shutdown complete.
2026-01-01 13:47:34,878 INFO uvicorn.error Finished server process [18528]
2026-01-01 13:48:57,878 INFO uvicorn.error Started server process [20680]
2026-01-01 13:48:57,878 INFO uvicorn.error Waiting for application startup.
2026-01-01 13:48:57,879 INFO uvicorn.error Application startup complete.
2026-01-01 13:48:57,879 INFO uvicorn.error Uvicorn running on http://0.0.0.0:8000 (Press CTRL+C to quit)
2026-01-01 13:51:47,250 INFO uvicorn.error Shutting down
2026-01-01 13:51:47,359 INFO uvicorn.error Waiting for application shutdown.
2026-01-01 13:51:47,360 INFO uvicorn.error Application shutdown complete.
2026-01-01 13:51:47,360 INFO uvicorn.error Finished server process [20680]
2026-01-01 13:51:48,420 INFO uvicorn.error Started server process [9644]
2026-01-01 13:51:48,420 INFO uvicorn.error Waiting for application startup.
2026-01-01 13:51:48,420 INFO uvicorn.error Application startup complete.
2026-01-01 13:51:48,420 INFO uvicorn.error Uvicorn running on http://0.0.0.0:8000 (Press CTRL+C to quit)
2026-01-01 13:53:38,573 INFO uvicorn.error Shutting down
2026-01-01 13:53:38,683 INFO uvicorn.error Waiting for application shutdown.
2026-01-01 13:53:38,683 INFO uvicorn.error Application shutdown complete.
2026-01-01 13:53:38,683 INFO uvicorn.error Finished server process [9644]
2026-01-01 13:54:04,905 INFO uvicorn.error Started server process [9684]
2026-01-01 13:54:04,905 INFO uvicorn.error Waiting for application startup.
2026-01-01 13:54:04,905 INFO uvicorn.error Application startup complete.
2026-01-01 13:54:04,906 INFO uvicorn.error Uvicorn running on http://0.0.0.0:8000 (Press CTRL+C to quit)
2026-01-01 13:55:03,023 INFO uvicorn.error Shutting down
2026-01-01 13:55:03,127 INFO uvicorn.error Waiting for application shutdown.
2026-01-01 13:55:03,128 INFO uvicorn.error Application shutdown complete.
2026-01-01 13:55:03,128 INFO uvicorn.error Finished server process [9684]
2026-01-01 14:13:52,237 INFO uvicorn.error Started server process [27552]
2026-01-01 14:13:52,237 INFO uvicorn.error Waiting for application startup.
2026-01-01 14:13:52,238 INFO uvicorn.error Application startup complete.
2026-01-01 14:13:52,238 INFO uvicorn.error Uvicorn running on http://0.0.0.0:8000 (Press CTRL+C to quit)
2026-01-01 14:14:47,843 INFO uvicorn.error Shutting down
2026-01-01 14:14:47,968 INFO uvicorn.error Finished server process [27552]
2026-01-01 14:14:47,974 ERROR uvicorn.error Traceback (most recent call last):
  File "C:\Users\ZHYCa\AppData\Roaming\uv\python\cpython-3.11.14-windows-x86_64-none\Lib\asyncio\runners.py", line 190, in run
    return runner.run(main)
           ^^^^^^^^^^^^^^^^
  File "C:\Users\ZHYCa\AppData\Roaming\uv\python\cpython-3.11.14-windows-x86_64-none\Lib\asyncio\runners.py", line 118, in run
    return self._loop.run_until_complete(task)
           ^^^^^^^^^^^^^^^^^^^^^^^^^^^^^^^^^^^
  File "C:\Users\ZHYCa\AppData\Roaming\uv\python\cpython-3.11.14-windows-x86_64-none\Lib\asyncio\base_events.py", line 641, in run_until_complete
    self.run_forever()
  File "C:\Users\ZHYCa\AppData\Roaming\uv\python\cpython-3.11.14-windows-x86_64-none\Lib\asyncio\windows_events.py", line 321, in run_forever
    super().run_forever()
  File "C:\Users\ZHYCa\AppData\Roaming\uv\python\cpython-3.11.14-windows-x86_64-none\Lib\asyncio\base_events.py", line 608, in run_forever
    self._run_once()
  File "C:\Users\ZHYCa\AppData\Roaming\uv\python\cpython-3.11.14-windows-x86_64-none\Lib\asyncio\base_events.py", line 1936, in _run_once
    handle._run()
  File "C:\Users\ZHYCa\AppData\Roaming\uv\python\cpython-3.11.14-windows-x86_64-none\Lib\asyncio\events.py", line 84, in _run
    self._context.run(self._callback, *self._args)
  File "D:\code\valid-info\.venv\Lib\site-packages\uvicorn\server.py", line 68, in serve
    with self.capture_signals():
  File "C:\Users\ZHYCa\AppData\Roaming\uv\python\cpython-3.11.14-windows-x86_64-none\Lib\contextlib.py", line 144, in __exit__
    next(self.gen)
  File "D:\code\valid-info\.venv\Lib\site-packages\uvicorn\server.py", line 328, in capture_signals
    signal.raise_signal(captured_signal)
  File "C:\Users\ZHYCa\AppData\Roaming\uv\python\cpython-3.11.14-windows-x86_64-none\Lib\asyncio\runners.py", line 157, in _on_sigint
    raise KeyboardInterrupt()
KeyboardInterrupt

During handling of the above exception, another exception occurred:

Traceback (most recent call last):
  File "D:\code\valid-info\.venv\Lib\site-packages\starlette\routing.py", line 743, in lifespan
    await receive()
  File "D:\code\valid-info\.venv\Lib\site-packages\uvicorn\lifespan\on.py", line 137, in receive
    return await self.receive_queue.get()
           ^^^^^^^^^^^^^^^^^^^^^^^^^^^^^^
  File "C:\Users\ZHYCa\AppData\Roaming\uv\python\cpython-3.11.14-windows-x86_64-none\Lib\asyncio\queues.py", line 158, in get
    await getter
asyncio.exceptions.CancelledError

2026-01-01 14:17:43,561 INFO uvicorn.error Started server process [10668]
2026-01-01 14:17:43,561 INFO uvicorn.error Waiting for application startup.
2026-01-01 14:17:43,562 INFO uvicorn.error Application startup complete.
2026-01-01 14:17:43,562 INFO uvicorn.error Uvicorn running on http://0.0.0.0:8000 (Press CTRL+C to quit)
2026-01-01 14:19:03,964 INFO uvicorn.error Shutting down
2026-01-01 14:19:04,066 INFO uvicorn.error Waiting for application shutdown.
2026-01-01 14:19:04,066 INFO uvicorn.error Application shutdown complete.
2026-01-01 14:19:04,066 INFO uvicorn.error Finished server process [10668]
2026-01-01 14:19:05,252 INFO uvicorn.error Started server process [8348]
2026-01-01 14:19:05,252 INFO uvicorn.error Waiting for application startup.
2026-01-01 14:19:05,257 INFO uvicorn.error Application startup complete.
2026-01-01 14:19:05,257 INFO uvicorn.error Uvicorn running on http://0.0.0.0:8000 (Press CTRL+C to quit)
2026-01-01 14:19:17,530 INFO uvicorn.error Shutting down
2026-01-01 14:19:17,639 INFO uvicorn.error Waiting for application shutdown.
2026-01-01 14:19:17,640 INFO uvicorn.error Application shutdown complete.
2026-01-01 14:19:17,640 INFO uvicorn.error Finished server process [8348]
2026-01-01 14:19:20,834 INFO uvicorn.error Started server process [26920]
2026-01-01 14:19:20,834 INFO uvicorn.error Waiting for application startup.
2026-01-01 14:19:20,834 INFO uvicorn.error Application startup complete.
2026-01-01 14:19:20,834 INFO uvicorn.error Uvicorn running on http://0.0.0.0:8000 (Press CTRL+C to quit)
2026-01-01 14:21:02,072 INFO uvicorn.error Shutting down
2026-01-01 14:21:02,183 INFO uvicorn.error Waiting for application shutdown.
2026-01-01 14:21:02,183 INFO uvicorn.error Application shutdown complete.
2026-01-01 14:21:02,183 INFO uvicorn.error Finished server process [26920]
2026-01-01 14:21:03,178 INFO uvicorn.error Started server process [18864]
2026-01-01 14:21:03,179 INFO uvicorn.error Waiting for application startup.
2026-01-01 14:21:03,179 INFO uvicorn.error Application startup complete.
2026-01-01 14:21:03,180 INFO uvicorn.error Uvicorn running on http://0.0.0.0:8000 (Press CTRL+C to quit)
2026-01-01 14:21:32,292 INFO uvicorn.error Shutting down
2026-01-01 14:21:32,402 INFO uvicorn.error Waiting for application shutdown.
2026-01-01 14:21:32,402 INFO uvicorn.error Application shutdown complete.
2026-01-01 14:21:32,403 INFO uvicorn.error Finished server process [18864]
2026-01-01 14:22:01,497 INFO uvicorn.error Started server process [23760]
2026-01-01 14:22:01,497 INFO uvicorn.error Waiting for application startup.
2026-01-01 14:22:01,502 INFO uvicorn.error Application startup complete.
2026-01-01 14:22:01,502 INFO uvicorn.error Uvicorn running on http://0.0.0.0:8000 (Press CTRL+C to quit)
2026-01-01 14:25:06,874 INFO uvicorn.error Shutting down
2026-01-01 14:25:06,976 INFO uvicorn.error Waiting for application shutdown.
2026-01-01 14:25:06,976 INFO uvicorn.error Application shutdown complete.
2026-01-01 14:25:06,976 INFO uvicorn.error Finished server process [23760]
2026-01-01 14:28:16,651 INFO uvicorn.error Started server process [24028]
2026-01-01 14:28:16,651 INFO uvicorn.error Waiting for application startup.
2026-01-01 14:28:16,651 INFO uvicorn.error Application startup complete.
2026-01-01 14:28:16,651 INFO uvicorn.error Uvicorn running on http://0.0.0.0:8000 (Press CTRL+C to quit)
2026-01-01 15:02:32,502 INFO uvicorn.error Shutting down
2026-01-01 15:02:32,611 INFO uvicorn.error Waiting for application shutdown.
2026-01-01 15:02:32,611 INFO uvicorn.error Application shutdown complete.
2026-01-01 15:02:32,611 INFO uvicorn.error Finished server process [24028]
2026-01-01 15:12:54,370 INFO uvicorn.error Started server process [28656]
2026-01-01 15:12:54,370 INFO uvicorn.error Waiting for application startup.
2026-01-01 15:12:54,371 INFO uvicorn.error Application startup complete.
2026-01-01 15:12:54,371 INFO uvicorn.error Uvicorn running on http://0.0.0.0:8000 (Press CTRL+C to quit)
2026-01-01 15:13:18,717 INFO uvicorn.error Shutting down
2026-01-01 15:13:18,811 INFO uvicorn.error Waiting for application shutdown.
2026-01-01 15:13:18,812 INFO uvicorn.error Application shutdown complete.
2026-01-01 15:13:18,812 INFO uvicorn.error Finished server process [28656]
2026-01-01 15:18:20,436 INFO uvicorn.error Started server process [28532]
2026-01-01 15:18:20,437 INFO uvicorn.error Waiting for application startup.
2026-01-01 15:18:20,437 INFO uvicorn.error Application startup complete.
2026-01-01 15:18:20,438 INFO uvicorn.error Uvicorn running on http://0.0.0.0:8000 (Press CTRL+C to quit)
2026-01-01 15:19:23,660 INFO uvicorn.error Shutting down
2026-01-01 15:19:23,764 INFO uvicorn.error Waiting for application shutdown.
2026-01-01 15:19:23,764 INFO uvicorn.error Application shutdown complete.
2026-01-01 15:19:23,765 INFO uvicorn.error Finished server process [28532]
2026-01-01 15:20:18,468 INFO uvicorn.error Started server process [23092]
2026-01-01 15:20:18,468 INFO uvicorn.error Waiting for application startup.
2026-01-01 15:20:18,473 INFO uvicorn.error Application startup complete.
2026-01-01 15:20:18,473 INFO uvicorn.error Uvicorn running on http://0.0.0.0:8000 (Press CTRL+C to quit)
2026-01-01 15:20:58,928 INFO uvicorn.error Shutting down
2026-01-01 15:20:59,042 INFO uvicorn.error Waiting for application shutdown.
2026-01-01 15:20:59,042 INFO uvicorn.error Application shutdown complete.
2026-01-01 15:20:59,042 INFO uvicorn.error Finished server process [23092]
2026-01-01 15:21:00,038 INFO uvicorn.error Started server process [12808]
2026-01-01 15:21:00,038 INFO uvicorn.error Waiting for application startup.
2026-01-01 15:21:00,038 INFO uvicorn.error Application startup complete.
2026-01-01 15:21:00,040 INFO uvicorn.error Uvicorn running on http://0.0.0.0:8000 (Press CTRL+C to quit)
2026-01-01 15:21:18,418 INFO uvicorn.error Shutting down
2026-01-01 15:21:18,526 INFO uvicorn.error Waiting for application shutdown.
2026-01-01 15:21:18,526 INFO uvicorn.error Application shutdown complete.
2026-01-01 15:21:18,526 INFO uvicorn.error Finished server process [12808]
2026-01-01 15:21:20,056 INFO uvicorn.error Started server process [5080]
2026-01-01 15:21:20,056 INFO uvicorn.error Waiting for application startup.
2026-01-01 15:21:20,057 INFO uvicorn.error Application startup complete.
2026-01-01 15:21:20,057 INFO uvicorn.error Uvicorn running on http://0.0.0.0:8000 (Press CTRL+C to quit)
2026-01-01 15:21:29,785 INFO uvicorn.error Shutting down
2026-01-01 15:21:29,901 INFO uvicorn.error Finished server process [5080]
2026-01-01 15:21:29,904 ERROR uvicorn.error Traceback (most recent call last):
  File "C:\Users\ZHYCa\AppData\Roaming\uv\python\cpython-3.11.14-windows-x86_64-none\Lib\asyncio\runners.py", line 190, in run
    return runner.run(main)
           ^^^^^^^^^^^^^^^^
  File "C:\Users\ZHYCa\AppData\Roaming\uv\python\cpython-3.11.14-windows-x86_64-none\Lib\asyncio\runners.py", line 118, in run
    return self._loop.run_until_complete(task)
           ^^^^^^^^^^^^^^^^^^^^^^^^^^^^^^^^^^^
  File "C:\Users\ZHYCa\AppData\Roaming\uv\python\cpython-3.11.14-windows-x86_64-none\Lib\asyncio\base_events.py", line 641, in run_until_complete
    self.run_forever()
  File "C:\Users\ZHYCa\AppData\Roaming\uv\python\cpython-3.11.14-windows-x86_64-none\Lib\asyncio\windows_events.py", line 321, in run_forever
    super().run_forever()
  File "C:\Users\ZHYCa\AppData\Roaming\uv\python\cpython-3.11.14-windows-x86_64-none\Lib\asyncio\base_events.py", line 608, in run_forever
    self._run_once()
  File "C:\Users\ZHYCa\AppData\Roaming\uv\python\cpython-3.11.14-windows-x86_64-none\Lib\asyncio\base_events.py", line 1936, in _run_once
    handle._run()
  File "C:\Users\ZHYCa\AppData\Roaming\uv\python\cpython-3.11.14-windows-x86_64-none\Lib\asyncio\events.py", line 84, in _run
    self._context.run(self._callback, *self._args)
  File "D:\code\valid-info\.venv\Lib\site-packages\uvicorn\server.py", line 68, in serve
    with self.capture_signals():
  File "C:\Users\ZHYCa\AppData\Roaming\uv\python\cpython-3.11.14-windows-x86_64-none\Lib\contextlib.py", line 144, in __exit__
    next(self.gen)
  File "D:\code\valid-info\.venv\Lib\site-packages\uvicorn\server.py", line 328, in capture_signals
    signal.raise_signal(captured_signal)
  File "C:\Users\ZHYCa\AppData\Roaming\uv\python\cpython-3.11.14-windows-x86_64-none\Lib\asyncio\runners.py", line 157, in _on_sigint
    raise KeyboardInterrupt()
KeyboardInterrupt

During handling of the above exception, another exception occurred:

Traceback (most recent call last):
  File "D:\code\valid-info\.venv\Lib\site-packages\starlette\routing.py", line 743, in lifespan
    await receive()
  File "D:\code\valid-info\.venv\Lib\site-packages\uvicorn\lifespan\on.py", line 137, in receive
    return await self.receive_queue.get()
           ^^^^^^^^^^^^^^^^^^^^^^^^^^^^^^
  File "C:\Users\ZHYCa\AppData\Roaming\uv\python\cpython-3.11.14-windows-x86_64-none\Lib\asyncio\queues.py", line 158, in get
    await getter
asyncio.exceptions.CancelledError

2026-01-01 15:21:32,420 INFO uvicorn.error Started server process [27576]
2026-01-01 15:21:32,420 INFO uvicorn.error Waiting for application startup.
2026-01-01 15:21:32,426 INFO uvicorn.error Application startup complete.
2026-01-01 15:21:32,426 INFO uvicorn.error Uvicorn running on http://0.0.0.0:8000 (Press CTRL+C to quit)
2026-01-01 15:21:39,544 INFO uvicorn.error Shutting down
2026-01-01 15:21:39,640 INFO uvicorn.error Finished server process [27576]
2026-01-01 15:21:39,643 ERROR uvicorn.error Traceback (most recent call last):
  File "C:\Users\ZHYCa\AppData\Roaming\uv\python\cpython-3.11.14-windows-x86_64-none\Lib\asyncio\runners.py", line 190, in run
    return runner.run(main)
           ^^^^^^^^^^^^^^^^
  File "C:\Users\ZHYCa\AppData\Roaming\uv\python\cpython-3.11.14-windows-x86_64-none\Lib\asyncio\runners.py", line 118, in run
    return self._loop.run_until_complete(task)
           ^^^^^^^^^^^^^^^^^^^^^^^^^^^^^^^^^^^
  File "C:\Users\ZHYCa\AppData\Roaming\uv\python\cpython-3.11.14-windows-x86_64-none\Lib\asyncio\base_events.py", line 641, in run_until_complete
    self.run_forever()
  File "C:\Users\ZHYCa\AppData\Roaming\uv\python\cpython-3.11.14-windows-x86_64-none\Lib\asyncio\windows_events.py", line 321, in run_forever
    super().run_forever()
  File "C:\Users\ZHYCa\AppData\Roaming\uv\python\cpython-3.11.14-windows-x86_64-none\Lib\asyncio\base_events.py", line 608, in run_forever
    self._run_once()
  File "C:\Users\ZHYCa\AppData\Roaming\uv\python\cpython-3.11.14-windows-x86_64-none\Lib\asyncio\base_events.py", line 1936, in _run_once
    handle._run()
  File "C:\Users\ZHYCa\AppData\Roaming\uv\python\cpython-3.11.14-windows-x86_64-none\Lib\asyncio\events.py", line 84, in _run
    self._context.run(self._callback, *self._args)
  File "D:\code\valid-info\.venv\Lib\site-packages\uvicorn\server.py", line 68, in serve
    with self.capture_signals():
  File "C:\Users\ZHYCa\AppData\Roaming\uv\python\cpython-3.11.14-windows-x86_64-none\Lib\contextlib.py", line 144, in __exit__
    next(self.gen)
  File "D:\code\valid-info\.venv\Lib\site-packages\uvicorn\server.py", line 328, in capture_signals
    signal.raise_signal(captured_signal)
  File "C:\Users\ZHYCa\AppData\Roaming\uv\python\cpython-3.11.14-windows-x86_64-none\Lib\asyncio\runners.py", line 157, in _on_sigint
    raise KeyboardInterrupt()
KeyboardInterrupt

During handling of the above exception, another exception occurred:

Traceback (most recent call last):
  File "D:\code\valid-info\.venv\Lib\site-packages\starlette\routing.py", line 743, in lifespan
    await receive()
  File "D:\code\valid-info\.venv\Lib\site-packages\uvicorn\lifespan\on.py", line 137, in receive
    return await self.receive_queue.get()
           ^^^^^^^^^^^^^^^^^^^^^^^^^^^^^^
  File "C:\Users\ZHYCa\AppData\Roaming\uv\python\cpython-3.11.14-windows-x86_64-none\Lib\asyncio\queues.py", line 158, in get
    await getter
asyncio.exceptions.CancelledError

